0 info it worked if it ends with ok
1 verbose cli [ '/Users/Thomas/.nvm/versions/node/v6.7.0/bin/node',
1 verbose cli   '/Users/Thomas/.nvm/versions/node/v6.7.0/bin/npm',
1 verbose cli   'start' ]
2 info using npm@3.10.8
3 info using node@v6.7.0
4 verbose run-script [ 'prestart', 'start', 'poststart' ]
5 info lifecycle kinvey-html5-starter@1.0.0~prestart: kinvey-html5-starter@1.0.0
6 silly lifecycle kinvey-html5-starter@1.0.0~prestart: no script for prestart, continuing
7 info lifecycle kinvey-html5-starter@1.0.0~start: kinvey-html5-starter@1.0.0
8 verbose lifecycle kinvey-html5-starter@1.0.0~start: unsafe-perm in lifecycle true
9 verbose lifecycle kinvey-html5-starter@1.0.0~start: PATH: /Users/Thomas/.nvm/versions/node/v6.7.0/lib/node_modules/npm/bin/node-gyp-bin:/Users/Thomas/Documents/Kinvey/Development/SDKs/JavaScript/HTML5/Apps/Starter/node_modules/.bin:/Users/Thomas/.rvm/gems/ruby-2.3.0/bin:/Users/Thomas/.rvm/gems/ruby-2.3.0@global/bin:/Users/Thomas/.rvm/rubies/ruby-2.3.0/bin:/usr/local/sbin:/Users/Thomas/.nvm/versions/node/v6.7.0/bin:/Users/Thomas/bin:/usr/local/bin:/usr/bin:/bin:/usr/sbin:/sbin:/Users/Thomas/.rvm/bin
10 verbose lifecycle kinvey-html5-starter@1.0.0~start: CWD: /Users/Thomas/Documents/Kinvey/Development/SDKs/JavaScript/HTML5/Apps/Starter
11 silly lifecycle kinvey-html5-starter@1.0.0~start: Args: [ '-c', 'open http://localhost:3000/ && node .' ]
12 silly lifecycle kinvey-html5-starter@1.0.0~start: Returned: code: 1  signal: null
13 info lifecycle kinvey-html5-starter@1.0.0~start: Failed to exec start script
14 verbose stack Error: kinvey-html5-starter@1.0.0 start: `open http://localhost:3000/ && node .`
14 verbose stack Exit status 1
14 verbose stack     at EventEmitter.<anonymous> (/Users/Thomas/.nvm/versions/node/v6.7.0/lib/node_modules/npm/lib/utils/lifecycle.js:255:16)
14 verbose stack     at emitTwo (events.js:106:13)
14 verbose stack     at EventEmitter.emit (events.js:191:7)
14 verbose stack     at ChildProcess.<anonymous> (/Users/Thomas/.nvm/versions/node/v6.7.0/lib/node_modules/npm/lib/utils/spawn.js:40:14)
14 verbose stack     at emitTwo (events.js:106:13)
14 verbose stack     at ChildProcess.emit (events.js:191:7)
14 verbose stack     at maybeClose (internal/child_process.js:877:16)
14 verbose stack     at Process.ChildProcess._handle.onexit (internal/child_process.js:226:5)
15 verbose pkgid kinvey-html5-starter@1.0.0
16 verbose cwd /Users/Thomas/Documents/Kinvey/Development/SDKs/JavaScript/HTML5/Apps/Starter
17 error Darwin 16.0.0
18 error argv "/Users/Thomas/.nvm/versions/node/v6.7.0/bin/node" "/Users/Thomas/.nvm/versions/node/v6.7.0/bin/npm" "start"
19 error node v6.7.0
20 error npm  v3.10.8
21 error code ELIFECYCLE
22 error kinvey-html5-starter@1.0.0 start: `open http://localhost:3000/ && node .`
22 error Exit status 1
23 error Failed at the kinvey-html5-starter@1.0.0 start script 'open http://localhost:3000/ && node .'.
23 error Make sure you have the latest version of node.js and npm installed.
23 error If you do, this is most likely a problem with the kinvey-html5-starter package,
23 error not with npm itself.
23 error Tell the author that this fails on your system:
23 error     open http://localhost:3000/ && node .
23 error You can get information on how to open an issue for this project with:
23 error     npm bugs kinvey-html5-starter
23 error Or if that isn't available, you can get their info via:
23 error     npm owner ls kinvey-html5-starter
23 error There is likely additional logging output above.
24 verbose exit [ 1, true ]
